<?xml version="1.0" encoding="UTF-8"?>
<!-- Generated by org.testng.reporters.JUnitReportReporter -->
<testsuite hostname="DESKTOP-GT371K8" failures="0" tests="1" name="swaglabs.CheckoutComplete" time="0.067" errors="0" timestamp="2022-05-18T15:58:07 BST" skipped="0">
  <testcase classname="swaglabs.CheckoutComplete" name="backToHomeBtn" time="0.067"/>
  <system-out/>
</testsuite> <!-- swaglabs.CheckoutComplete -->
