<?xml version="1.0" encoding="UTF-8"?>
<!-- Generated by org.testng.reporters.JUnitReportReporter -->
<testsuite hostname="DESKTOP-GT371K8" failures="0" tests="2" name="swaglabs.SwagLogin" time="11.959" errors="0" timestamp="2022-05-18T15:58:07 BST" skipped="0">
  <testcase classname="swaglabs.SwagLogin" name="swagLoginPage" time="0.257"/>
  <system-out/>
  <testcase classname="swaglabs.SwagLogin" name="invalidUserNameAndValidPassword" time="11.702"/>
  <system-out/>
</testsuite> <!-- swaglabs.SwagLogin -->
